# JRE version: OpenJDK Runtime Environment (17.0.6) (build 17.0.6+0-b2043.56-10027231)
# Java VM: OpenJDK 64-Bit Server VM (17.0.6+0-b2043.56-10027231, mixed mode, tiered, compressed oops, compressed class ptrs, g1 gc, windows-amd64)
GC Precious Log:
 CPUs: 2 total, 2 available
 Memory: 3500M
 Large Page Support: Disabled
 NUMA Support: Disabled
 Compressed Oops: Enabled (32-bit)
 Heap Region Size: 1M
 Heap Min Capacity: 8M
 Heap Initial Capacity: 56M
 Heap Max Capacity: 2G
 Pre-touch: Disabled
 Parallel Workers: 2
 Concurrent Workers: 1
 Concurrent Refinement Workers: 2
 Periodic GC: Disabled
Heap:
 garbage-first heap   total 455680K, used 244736K [0x0000000080000000, 0x0000000100000000)
  region size 1024K, 3 young (3072K), 3 survivors (3072K)
 Metaspace       used 156840K, committed 157760K, reserved 1187840K
  class space    used 20360K, committed 20800K, reserved 1048576K
GC Heap History (20 events):
Event: 77.709 GC heap after
{Heap after GC invocations=48 (full 0):
 garbage-first heap   total 261120K, used 167673K [0x0000000080000000, 0x0000000100000000)
  region size 1024K, 5 young (5120K), 5 survivors (5120K)
 Metaspace       used 125177K, committed 125888K, reserved 1163264K
  class space    used 16375K, committed 16704K, reserved 1048576K
}
Event: 212.780 GC heap before
{Heap before GC invocations=48 (full 0):
 garbage-first heap   total 261120K, used 218873K [0x0000000080000000, 0x0000000100000000)
  region size 1024K, 55 young (56320K), 5 survivors (5120K)
 Metaspace       used 126699K, committed 127552K, reserved 1163264K
  class space    used 16536K, committed 16960K, reserved 1048576K
}
Event: 212.991 GC heap after
{Heap after GC invocations=49 (full 0):
 garbage-first heap   total 261120K, used 171502K [0x0000000080000000, 0x0000000100000000)
  region size 1024K, 4 young (4096K), 4 survivors (4096K)
 Metaspace       used 126699K, committed 127552K, reserved 1163264K
  class space    used 16536K, committed 16960K, reserved 1048576K
}
Event: 216.367 GC heap before
{Heap before GC invocations=50 (full 0):
 garbage-first heap   total 301056K, used 220654K [0x0000000080000000, 0x0000000100000000)
  region size 1024K, 52 young (53248K), 4 survivors (4096K)
 Metaspace       used 126854K, committed 127680K, reserved 1163264K
  class space    used 16542K, committed 16960K, reserved 1048576K
}
Event: 216.684 GC heap after
{Heap after GC invocations=51 (full 0):
 garbage-first heap   total 301056K, used 180148K [0x0000000080000000, 0x0000000100000000)
  region size 1024K, 7 young (7168K), 7 survivors (7168K)
 Metaspace       used 126854K, committed 127680K, reserved 1163264K
  class space    used 16542K, committed 16960K, reserved 1048576K
}
Event: 216.712 GC heap before
{Heap before GC invocations=51 (full 0):
 garbage-first heap   total 301056K, used 187316K [0x0000000080000000, 0x0000000100000000)
  region size 1024K, 14 young (14336K), 7 survivors (7168K)
 Metaspace       used 126854K, committed 127680K, reserved 1163264K
  class space    used 16542K, committed 16960K, reserved 1048576K
}
Event: 216.878 GC heap after
{Heap after GC invocations=52 (full 0):
 garbage-first heap   total 455680K, used 179712K [0x0000000080000000, 0x0000000100000000)
  region size 1024K, 2 young (2048K), 2 survivors (2048K)
 Metaspace       used 126854K, committed 127680K, reserved 1163264K
  class space    used 16542K, committed 16960K, reserved 1048576K
}
Event: 218.763 GC heap before
{Heap before GC invocations=52 (full 0):
 garbage-first heap   total 455680K, used 241152K [0x0000000080000000, 0x0000000100000000)
  region size 1024K, 62 young (63488K), 2 survivors (2048K)
 Metaspace       used 126932K, committed 127808K, reserved 1163264K
  class space    used 16542K, committed 16960K, reserved 1048576K
}
Event: 218.778 GC heap after
{Heap after GC invocations=53 (full 0):
 garbage-first heap   total 455680K, used 183898K [0x0000000080000000, 0x0000000100000000)
  region size 1024K, 6 young (6144K), 6 survivors (6144K)
 Metaspace       used 126932K, committed 127808K, reserved 1163264K
  class space    used 16542K, committed 16960K, reserved 1048576K
}
Event: 221.848 GC heap before
{Heap before GC invocations=53 (full 0):
 garbage-first heap   total 455680K, used 234074K [0x0000000080000000, 0x0000000100000000)
  region size 1024K, 55 young (56320K), 6 survivors (6144K)
 Metaspace       used 130021K, committed 130880K, reserved 1163264K
  class space    used 16798K, committed 17216K, reserved 1048576K
}
Event: 221.900 GC heap after
{Heap after GC invocations=54 (full 0):
 garbage-first heap   total 455680K, used 190455K [0x0000000080000000, 0x0000000100000000)
  region size 1024K, 7 young (7168K), 7 survivors (7168K)
 Metaspace       used 130021K, committed 130880K, reserved 1163264K
  class space    used 16798K, committed 17216K, reserved 1048576K
}
Event: 228.295 GC heap before
{Heap before GC invocations=54 (full 0):
 garbage-first heap   total 455680K, used 249847K [0x0000000080000000, 0x0000000100000000)
  region size 1024K, 65 young (66560K), 7 survivors (7168K)
 Metaspace       used 139453K, committed 140352K, reserved 1171456K
  class space    used 17912K, committed 18368K, reserved 1048576K
}
Event: 228.365 GC heap after
{Heap after GC invocations=55 (full 0):
 garbage-first heap   total 455680K, used 193024K [0x0000000080000000, 0x0000000100000000)
  region size 1024K, 3 young (3072K), 3 survivors (3072K)
 Metaspace       used 139453K, committed 140352K, reserved 1171456K
  class space    used 17912K, committed 18368K, reserved 1048576K
}
Event: 259.224 GC heap before
{Heap before GC invocations=55 (full 0):
 garbage-first heap   total 455680K, used 394752K [0x0000000080000000, 0x0000000100000000)
  region size 1024K, 174 young (178176K), 3 survivors (3072K)
 Metaspace       used 156820K, committed 157760K, reserved 1187840K
  class space    used 20360K, committed 20800K, reserved 1048576K
}
Event: 261.000 GC heap after
{Heap after GC invocations=56 (full 0):
 garbage-first heap   total 455680K, used 229257K [0x0000000080000000, 0x0000000100000000)
  region size 1024K, 18 young (18432K), 18 survivors (18432K)
 Metaspace       used 156820K, committed 157760K, reserved 1187840K
  class space    used 20360K, committed 20800K, reserved 1048576K
}
Event: 261.767 GC heap before
{Heap before GC invocations=56 (full 0):
 garbage-first heap   total 455680K, used 233353K [0x0000000080000000, 0x0000000100000000)
  region size 1024K, 22 young (22528K), 18 survivors (18432K)
 Metaspace       used 156820K, committed 157760K, reserved 1187840K
  class space    used 20360K, committed 20800K, reserved 1048576K
}
Event: 262.808 GC heap after
{Heap after GC invocations=57 (full 0):
 garbage-first heap   total 455680K, used 231424K [0x0000000080000000, 0x0000000100000000)
  region size 1024K, 2 young (2048K), 2 survivors (2048K)
 Metaspace       used 156820K, committed 157760K, reserved 1187840K
  class space    used 20360K, committed 20800K, reserved 1048576K
}
Event: 264.284 GC heap before
{Heap before GC invocations=57 (full 0):
 garbage-first heap   total 455680K, used 251904K [0x0000000080000000, 0x0000000100000000)
  region size 1024K, 22 young (22528K), 2 survivors (2048K)
 Metaspace       used 156829K, committed 157760K, reserved 1187840K
  class space    used 20360K, committed 20800K, reserved 1048576K
}
Event: 264.384 GC heap after
{Heap after GC invocations=58 (full 0):
 garbage-first heap   total 455680K, used 239104K [0x0000000080000000, 0x0000000100000000)
  region size 1024K, 3 young (3072K), 3 survivors (3072K)
 Metaspace       used 156829K, committed 157760K, reserved 1187840K
  class space    used 20360K, committed 20800K, reserved 1048576K
}
Event: 265.482 GC heap before
{Heap before GC invocations=58 (full 0):
 garbage-first heap   total 455680K, used 257536K [0x0000000080000000, 0x0000000100000000)
  region size 1024K, 22 young (22528K), 3 survivors (3072K)
 Metaspace       used 156840K, committed 157760K, reserved 1187840K
  class space    used 20360K, committed 20800K, reserved 1048576K
}

