# JRE version: OpenJDK Runtime Environment (17.0.6) (build 17.0.6+0-b2043.56-10027231)
# Java VM: OpenJDK 64-Bit Server VM (17.0.6+0-b2043.56-10027231, mixed mode, tiered, compressed oops, compressed class ptrs, g1 gc, windows-amd64)
GC Precious Log:
 CPUs: 2 total, 2 available
 Memory: 3500M
 Large Page Support: Disabled
 NUMA Support: Disabled
 Compressed Oops: Enabled (32-bit)
 Heap Region Size: 1M
 Heap Min Capacity: 8M
 Heap Initial Capacity: 56M
 Heap Max Capacity: 2G
 Pre-touch: Disabled
 Parallel Workers: 2
 Concurrent Workers: 1
 Concurrent Refinement Workers: 2
 Periodic GC: Disabled
Heap:
 garbage-first heap   total 199680K, used 101474K [0x0000000080000000, 0x0000000100000000)
  region size 1024K, 3 young (3072K), 3 survivors (3072K)
 Metaspace       used 78538K, committed 79232K, reserved 1122304K
  class space    used 10424K, committed 10752K, reserved 1048576K
GC Heap History (20 events):
Event: 35.645 GC heap after
{Heap after GC invocations=34 (full 0):
 garbage-first heap   total 119808K, used 69817K [0x0000000080000000, 0x0000000100000000)
  region size 1024K, 3 young (3072K), 3 survivors (3072K)
 Metaspace       used 51570K, committed 52096K, reserved 1097728K
  class space    used 6856K, committed 7104K, reserved 1048576K
}
Event: 36.862 GC heap before
{Heap before GC invocations=35 (full 0):
 garbage-first heap   total 119808K, used 94393K [0x0000000080000000, 0x0000000100000000)
  region size 1024K, 28 young (28672K), 3 survivors (3072K)
 Metaspace       used 54504K, committed 55104K, reserved 1097728K
  class space    used 7347K, committed 7616K, reserved 1048576K
}
Event: 36.872 GC heap after
{Heap after GC invocations=36 (full 0):
 garbage-first heap   total 119808K, used 71627K [0x0000000080000000, 0x0000000100000000)
  region size 1024K, 4 young (4096K), 4 survivors (4096K)
 Metaspace       used 54504K, committed 55104K, reserved 1097728K
  class space    used 7347K, committed 7616K, reserved 1048576K
}
Event: 40.805 GC heap before
{Heap before GC invocations=36 (full 0):
 garbage-first heap   total 119808K, used 96203K [0x0000000080000000, 0x0000000100000000)
  region size 1024K, 28 young (28672K), 4 survivors (4096K)
 Metaspace       used 59074K, committed 59648K, reserved 1105920K
  class space    used 7854K, committed 8128K, reserved 1048576K
}
Event: 40.835 GC heap after
{Heap after GC invocations=37 (full 0):
 garbage-first heap   total 119808K, used 74541K [0x0000000080000000, 0x0000000100000000)
  region size 1024K, 4 young (4096K), 4 survivors (4096K)
 Metaspace       used 59074K, committed 59648K, reserved 1105920K
  class space    used 7854K, committed 8128K, reserved 1048576K
}
Event: 58.367 GC heap before
{Heap before GC invocations=38 (full 0):
 garbage-first heap   total 126976K, used 96045K [0x0000000080000000, 0x0000000100000000)
  region size 1024K, 26 young (26624K), 4 survivors (4096K)
 Metaspace       used 62707K, committed 63296K, reserved 1105920K
  class space    used 8340K, committed 8640K, reserved 1048576K
}
Event: 58.545 GC heap after
{Heap after GC invocations=39 (full 0):
 garbage-first heap   total 126976K, used 77180K [0x0000000080000000, 0x0000000100000000)
  region size 1024K, 3 young (3072K), 3 survivors (3072K)
 Metaspace       used 62707K, committed 63296K, reserved 1105920K
  class space    used 8340K, committed 8640K, reserved 1048576K
}
Event: 59.073 GC heap before
{Heap before GC invocations=39 (full 0):
 garbage-first heap   total 126976K, used 86396K [0x0000000080000000, 0x0000000100000000)
  region size 1024K, 13 young (13312K), 3 survivors (3072K)
 Metaspace       used 62926K, committed 63616K, reserved 1105920K
  class space    used 8364K, committed 8704K, reserved 1048576K
}
Event: 59.090 GC heap after
{Heap after GC invocations=40 (full 0):
 garbage-first heap   total 152576K, used 77659K [0x0000000080000000, 0x0000000100000000)
  region size 1024K, 1 young (1024K), 1 survivors (1024K)
 Metaspace       used 62926K, committed 63616K, reserved 1105920K
  class space    used 8364K, committed 8704K, reserved 1048576K
}
Event: 70.561 GC heap before
{Heap before GC invocations=41 (full 0):
 garbage-first heap   total 152576K, used 127835K [0x0000000080000000, 0x0000000100000000)
  region size 1024K, 40 young (40960K), 1 survivors (1024K)
 Metaspace       used 67392K, committed 68096K, reserved 1114112K
  class space    used 8932K, committed 9280K, reserved 1048576K
}
Event: 70.769 GC heap after
{Heap after GC invocations=42 (full 0):
 garbage-first heap   total 152576K, used 93901K [0x0000000080000000, 0x0000000100000000)
  region size 1024K, 5 young (5120K), 5 survivors (5120K)
 Metaspace       used 67392K, committed 68096K, reserved 1114112K
  class space    used 8932K, committed 9280K, reserved 1048576K
}
Event: 71.371 GC heap before
{Heap before GC invocations=42 (full 0):
 garbage-first heap   total 152576K, used 94925K [0x0000000080000000, 0x0000000100000000)
  region size 1024K, 7 young (7168K), 5 survivors (5120K)
 Metaspace       used 67681K, committed 68352K, reserved 1114112K
  class space    used 8976K, committed 9280K, reserved 1048576K
}
Event: 71.393 GC heap after
{Heap after GC invocations=43 (full 0):
 garbage-first heap   total 152576K, used 94183K [0x0000000080000000, 0x0000000100000000)
  region size 1024K, 1 young (1024K), 1 survivors (1024K)
 Metaspace       used 67681K, committed 68352K, reserved 1114112K
  class space    used 8976K, committed 9280K, reserved 1048576K
}
Event: 84.257 GC heap before
{Heap before GC invocations=43 (full 0):
 garbage-first heap   total 152576K, used 122855K [0x0000000080000000, 0x0000000100000000)
  region size 1024K, 30 young (30720K), 1 survivors (1024K)
 Metaspace       used 72022K, committed 72704K, reserved 1114112K
  class space    used 9572K, committed 9920K, reserved 1048576K
}
Event: 84.289 GC heap after
{Heap after GC invocations=44 (full 0):
 garbage-first heap   total 152576K, used 96217K [0x0000000080000000, 0x0000000100000000)
  region size 1024K, 3 young (3072K), 3 survivors (3072K)
 Metaspace       used 72022K, committed 72704K, reserved 1114112K
  class space    used 9572K, committed 9920K, reserved 1048576K
}
Event: 85.304 GC heap before
{Heap before GC invocations=45 (full 0):
 garbage-first heap   total 199680K, used 128985K [0x0000000080000000, 0x0000000100000000)
  region size 1024K, 29 young (29696K), 3 survivors (3072K)
 Metaspace       used 73702K, committed 74368K, reserved 1114112K
  class space    used 9804K, committed 10112K, reserved 1048576K
}
Event: 85.375 GC heap after
{Heap after GC invocations=46 (full 0):
 garbage-first heap   total 199680K, used 99016K [0x0000000080000000, 0x0000000100000000)
  region size 1024K, 4 young (4096K), 4 survivors (4096K)
 Metaspace       used 73702K, committed 74368K, reserved 1114112K
  class space    used 9804K, committed 10112K, reserved 1048576K
}
Event: 85.655 GC heap before
{Heap before GC invocations=46 (full 0):
 garbage-first heap   total 199680K, used 104136K [0x0000000080000000, 0x0000000100000000)
  region size 1024K, 9 young (9216K), 4 survivors (4096K)
 Metaspace       used 74094K, committed 74816K, reserved 1114112K
  class space    used 9856K, committed 10176K, reserved 1048576K
}
Event: 85.676 GC heap after
{Heap after GC invocations=47 (full 0):
 garbage-first heap   total 199680K, used 98989K [0x0000000080000000, 0x0000000100000000)
  region size 1024K, 1 young (1024K), 1 survivors (1024K)
 Metaspace       used 74094K, committed 74816K, reserved 1114112K
  class space    used 9856K, committed 10176K, reserved 1048576K
}
Event: 96.325 GC heap before
{Heap before GC invocations=47 (full 0):
 garbage-first heap   total 199680K, used 141997K [0x0000000080000000, 0x0000000100000000)
  region size 1024K, 43 young (44032K), 1 survivors (1024K)
 Metaspace       used 78538K, committed 79232K, reserved 1122304K
  class space    used 10424K, committed 10752K, reserved 1048576K
}

